<?xml version="1.0" encoding="UTF-8"?>
<!-- Generated by org.testng.reporters.JUnitXMLReporter -->
<testsuite ignored="0" hostname="Raagav" failures="0" tests="2" name="Surefire test" time="11.32" errors="0" timestamp="2026-04-11T19:30:00 IST">
  <testcase classname="SeleniumFrameworkDesign.tests.ErrorValidationsTest" name="LoginErrorValidation" time="0.566"/>
  <testcase classname="SeleniumFrameworkDesign.tests.ErrorValidationsTest" name="ProductErrorValidation" time="4.425"/>
</testsuite> <!-- Surefire test -->
