<?xml version="1.0" encoding="UTF-8"?>
<!-- Generated by org.testng.reporters.JUnitXMLReporter -->
<testsuite ignored="0" hostname="Raagav" failures="0" tests="3" name="Default test" time="25.071" errors="0" timestamp="2026-01-27T21:16:24 IST">
  <testcase classname="SeleniumFrameworkDesign.tests.StandaAloneTest2SubmitOrder" name="submitOrder" time="3.551"/>
  <testcase classname="SeleniumFrameworkDesign.tests.StandaAloneTest2SubmitOrder" name="submitOrder" time="3.575"/>
  <testcase classname="SeleniumFrameworkDesign.tests.StandaAloneTest2SubmitOrder" name="orderHistoryTest" time="1.596"/>
</testsuite> <!-- Default test -->
