<?xml version="1.0" encoding="UTF-8"?>
<!-- Generated by org.testng.reporters.JUnitXMLReporter -->
<testsuite ignored="0" hostname="Raagav" failures="0" tests="2" name="Error Validations" time="23.195" errors="0" timestamp="2026-04-28T19:38:38 IST">
  <testcase classname="SeleniumFrameworkDesign.tests.ErrorValidationsTest" name="LoginErrorValidation" time="0.531"/>
  <testcase classname="SeleniumFrameworkDesign.tests.ErrorValidationsTest" name="ProductErrorValidation" time="16.38"/>
</testsuite> <!-- Error Validations -->
