<?xml version="1.0" encoding="UTF-8"?>
<!-- Generated by org.testng.reporters.JUnitXMLReporter -->
<testsuite ignored="0" hostname="Raagav" failures="0" tests="3" name="Submit Order" time="15.642" errors="0" timestamp="2026-04-12T14:06:02 IST">
  <testcase classname="SeleniumFrameworkDesign.tests.StandaAloneTest2SubmitOrder" name="submitOrder" time="3.903"/>
  <testcase classname="SeleniumFrameworkDesign.tests.StandaAloneTest2SubmitOrder" name="submitOrder" time="3.198"/>
  <testcase classname="SeleniumFrameworkDesign.tests.StandaAloneTest2SubmitOrder" name="orderHistoryTest" time="1.083"/>
</testsuite> <!-- Submit Order -->
