<?xml version="1.0" encoding="UTF-8"?>
<!-- Generated by org.testng.reporters.JUnitXMLReporter -->
<testsuite ignored="0" hostname="Raagav" failures="0" tests="3" name="Submit Order" time="31.721" errors="0" timestamp="2026-04-28T19:38:46 IST">
  <testcase classname="SeleniumFrameworkDesign.tests.StandaAloneTest2SubmitOrder" name="submitOrder" time="4.429"/>
  <testcase classname="SeleniumFrameworkDesign.tests.StandaAloneTest2SubmitOrder" name="submitOrder" time="15.593"/>
  <testcase classname="SeleniumFrameworkDesign.tests.StandaAloneTest2SubmitOrder" name="orderHistoryTest" time="0.936"/>
</testsuite> <!-- Submit Order -->
