<?xml version="1.0" encoding="UTF-8"?>
<testng-results ignored="0" total="5" passed="5" failed="0" skipped="0">
  <reporter-output>
  </reporter-output>
  <suite started-at="2026-04-12T17:45:04 IST" name="Suite" finished-at="2026-04-12T17:46:52 IST" duration-ms="107445">
    <groups>
      <group name="ErrorHandling">
        <method signature="ErrorValidationsTest.LoginErrorValidation()[pri:0, instance:SeleniumFrameworkDesign.tests.ErrorValidationsTest@7f485fda]" name="LoginErrorValidation" class="SeleniumFrameworkDesign.tests.ErrorValidationsTest"/>
      </group> <!-- ErrorHandling -->
      <group name="purchase">
        <method signature="StandaAloneTest2SubmitOrder.submitOrder(java.util.HashMap)[pri:0, instance:SeleniumFrameworkDesign.tests.StandaAloneTest2SubmitOrder@5e600dd5]" name="submitOrder" class="SeleniumFrameworkDesign.tests.StandaAloneTest2SubmitOrder"/>
      </group> <!-- purchase -->
    </groups>
    <test started-at="2026-04-12T17:45:04 IST" name="Submit Order" finished-at="2026-04-12T17:46:06 IST" duration-ms="61856">
      <class name="SeleniumFrameworkDesign.tests.StandaAloneTest2SubmitOrder">
        <test-method is-config="true" signature="launchApplication()[pri:0, instance:SeleniumFrameworkDesign.tests.StandaAloneTest2SubmitOrder@5e600dd5]" started-at="2026-04-12T17:45:05 IST" name="launchApplication" finished-at="2026-04-12T17:45:09 IST" duration-ms="4574" status="PASS">
          <reporter-output>
          </reporter-output>
        </test-method> <!-- launchApplication -->
        <test-method signature="submitOrder(java.util.HashMap)[pri:0, instance:SeleniumFrameworkDesign.tests.StandaAloneTest2SubmitOrder@5e600dd5]" started-at="2026-04-12T17:45:09 IST" name="submitOrder" data-provider="getData" finished-at="2026-04-12T17:45:14 IST" duration-ms="4742" status="PASS">
          <params>
            <param index="0">
              <value>
                <![CDATA[{password=Raagav@747, product=ZARA COAT 3, email=BlackICE@gmail.com}]]>
              </value>
            </param>
          </params>
          <reporter-output>
          </reporter-output>
        </test-method> <!-- submitOrder -->
        <test-method is-config="true" signature="tearDown()[pri:0, instance:SeleniumFrameworkDesign.tests.StandaAloneTest2SubmitOrder@5e600dd5]" started-at="2026-04-12T17:45:14 IST" name="tearDown" finished-at="2026-04-12T17:45:14 IST" duration-ms="339" status="PASS">
          <reporter-output>
          </reporter-output>
        </test-method> <!-- tearDown -->
        <test-method is-config="true" signature="launchApplication()[pri:0, instance:SeleniumFrameworkDesign.tests.StandaAloneTest2SubmitOrder@5e600dd5]" started-at="2026-04-12T17:45:14 IST" name="launchApplication" finished-at="2026-04-12T17:45:19 IST" duration-ms="4566" status="PASS">
          <reporter-output>
          </reporter-output>
        </test-method> <!-- launchApplication -->
        <test-method signature="submitOrder(java.util.HashMap)[pri:0, instance:SeleniumFrameworkDesign.tests.StandaAloneTest2SubmitOrder@5e600dd5]" started-at="2026-04-12T17:45:19 IST" name="submitOrder" data-provider="getData" finished-at="2026-04-12T17:45:36 IST" duration-ms="17473" status="PASS">
          <params>
            <param index="0">
              <value>
                <![CDATA[{password=Raagav@727, product=ADIDAS ORIGINAL, email=Sellares27@gmail.com}]]>
              </value>
            </param>
          </params>
          <reporter-output>
          </reporter-output>
        </test-method> <!-- submitOrder -->
        <test-method is-config="true" signature="tearDown()[pri:0, instance:SeleniumFrameworkDesign.tests.StandaAloneTest2SubmitOrder@5e600dd5]" started-at="2026-04-12T17:45:36 IST" name="tearDown" finished-at="2026-04-12T17:45:36 IST" duration-ms="105" status="PASS">
          <reporter-output>
          </reporter-output>
        </test-method> <!-- tearDown -->
        <test-method is-config="true" signature="launchApplication()[pri:0, instance:SeleniumFrameworkDesign.tests.StandaAloneTest2SubmitOrder@5e600dd5]" started-at="2026-04-12T17:45:36 IST" name="launchApplication" finished-at="2026-04-12T17:46:01 IST" duration-ms="25042" status="PASS">
          <reporter-output>
          </reporter-output>
        </test-method> <!-- launchApplication -->
        <test-method signature="orderHistoryTest()[pri:0, instance:SeleniumFrameworkDesign.tests.StandaAloneTest2SubmitOrder@5e600dd5]" started-at="2026-04-12T17:46:01 IST" name="orderHistoryTest" finished-at="2026-04-12T17:46:06 IST" depends-on-methods="SeleniumFrameworkDesign.tests.StandaAloneTest2SubmitOrder.submitOrder" duration-ms="4686" status="PASS">
          <reporter-output>
          </reporter-output>
        </test-method> <!-- orderHistoryTest -->
        <test-method is-config="true" signature="tearDown()[pri:0, instance:SeleniumFrameworkDesign.tests.StandaAloneTest2SubmitOrder@5e600dd5]" started-at="2026-04-12T17:46:06 IST" name="tearDown" finished-at="2026-04-12T17:46:06 IST" duration-ms="95" status="PASS">
          <reporter-output>
          </reporter-output>
        </test-method> <!-- tearDown -->
      </class> <!-- SeleniumFrameworkDesign.tests.StandaAloneTest2SubmitOrder -->
    </test> <!-- Submit Order -->
    <test started-at="2026-04-12T17:45:04 IST" name="Error Validations" finished-at="2026-04-12T17:46:52 IST" duration-ms="107445">
      <class name="SeleniumFrameworkDesign.tests.ErrorValidationsTest">
        <test-method is-config="true" signature="launchApplication()[pri:0, instance:SeleniumFrameworkDesign.tests.ErrorValidationsTest@7f485fda]" started-at="2026-04-12T17:45:04 IST" name="launchApplication" finished-at="2026-04-12T17:45:08 IST" duration-ms="3519" status="PASS">
          <reporter-output>
          </reporter-output>
        </test-method> <!-- launchApplication -->
        <test-method signature="LoginErrorValidation()[pri:0, instance:SeleniumFrameworkDesign.tests.ErrorValidationsTest@7f485fda]" started-at="2026-04-12T17:45:08 IST" name="LoginErrorValidation" finished-at="2026-04-12T17:45:13 IST" duration-ms="5202" status="PASS">
          <reporter-output>
          </reporter-output>
        </test-method> <!-- LoginErrorValidation -->
        <test-method is-config="true" signature="tearDown()[pri:0, instance:SeleniumFrameworkDesign.tests.ErrorValidationsTest@7f485fda]" started-at="2026-04-12T17:45:13 IST" name="tearDown" finished-at="2026-04-12T17:45:13 IST" duration-ms="227" status="PASS">
          <reporter-output>
          </reporter-output>
        </test-method> <!-- tearDown -->
        <test-method is-config="true" signature="launchApplication()[pri:0, instance:SeleniumFrameworkDesign.tests.ErrorValidationsTest@7f485fda]" started-at="2026-04-12T17:45:13 IST" name="launchApplication" finished-at="2026-04-12T17:46:14 IST" duration-ms="60682" status="PASS">
          <reporter-output>
          </reporter-output>
        </test-method> <!-- launchApplication -->
        <test-method signature="ProductErrorValidation()[pri:0, instance:SeleniumFrameworkDesign.tests.ErrorValidationsTest@7f485fda]" started-at="2026-04-12T17:46:14 IST" name="ProductErrorValidation" finished-at="2026-04-12T17:46:52 IST" duration-ms="37688" status="PASS">
          <reporter-output>
          </reporter-output>
        </test-method> <!-- ProductErrorValidation -->
        <test-method is-config="true" signature="tearDown()[pri:0, instance:SeleniumFrameworkDesign.tests.ErrorValidationsTest@7f485fda]" started-at="2026-04-12T17:46:52 IST" name="tearDown" finished-at="2026-04-12T17:46:52 IST" duration-ms="78" status="PASS">
          <reporter-output>
          </reporter-output>
        </test-method> <!-- tearDown -->
      </class> <!-- SeleniumFrameworkDesign.tests.ErrorValidationsTest -->
    </test> <!-- Error Validations -->
  </suite> <!-- Suite -->
</testng-results>
