<?xml version="1.0" encoding="UTF-8"?>
<testng-results ignored="0" total="5" passed="4" failed="1" skipped="0">
  <reporter-output>
  </reporter-output>
  <suite started-at="2026-04-12T14:05:46 IST" name="Suite" finished-at="2026-04-12T14:06:19 IST" duration-ms="33023">
    <groups>
      <group name="ErrorHandling">
        <method signature="ErrorValidationsTest.LoginErrorValidation()[pri:0, instance:SeleniumFrameworkDesign.tests.ErrorValidationsTest@2a7ed1f]" name="LoginErrorValidation" class="SeleniumFrameworkDesign.tests.ErrorValidationsTest"/>
      </group> <!-- ErrorHandling -->
      <group name="purchase">
        <method signature="StandaAloneTest2SubmitOrder.submitOrder(java.util.HashMap)[pri:0, instance:SeleniumFrameworkDesign.tests.StandaAloneTest2SubmitOrder@6bb4dd34]" name="submitOrder" class="SeleniumFrameworkDesign.tests.StandaAloneTest2SubmitOrder"/>
      </group> <!-- purchase -->
    </groups>
    <test started-at="2026-04-12T14:05:46 IST" name="Submit Order" finished-at="2026-04-12T14:06:02 IST" duration-ms="15642">
      <class name="SeleniumFrameworkDesign.tests.StandaAloneTest2SubmitOrder">
        <test-method is-config="true" signature="launchApplication()[pri:0, instance:SeleniumFrameworkDesign.tests.StandaAloneTest2SubmitOrder@6bb4dd34]" started-at="2026-04-12T14:05:47 IST" name="launchApplication" finished-at="2026-04-12T14:05:49 IST" duration-ms="2660" status="PASS">
          <reporter-output>
          </reporter-output>
        </test-method> <!-- launchApplication -->
        <test-method signature="submitOrder(java.util.HashMap)[pri:0, instance:SeleniumFrameworkDesign.tests.StandaAloneTest2SubmitOrder@6bb4dd34]" started-at="2026-04-12T14:05:49 IST" name="submitOrder" data-provider="getData" finished-at="2026-04-12T14:05:53 IST" duration-ms="3903" status="PASS">
          <params>
            <param index="0">
              <value>
                <![CDATA[{password=Raagav@747, product=ZARA COAT 3, email=BlackICE@gmail.com}]]>
              </value>
            </param>
          </params>
          <reporter-output>
          </reporter-output>
        </test-method> <!-- submitOrder -->
        <test-method is-config="true" signature="tearDown()[pri:0, instance:SeleniumFrameworkDesign.tests.StandaAloneTest2SubmitOrder@6bb4dd34]" started-at="2026-04-12T14:05:53 IST" name="tearDown" finished-at="2026-04-12T14:05:53 IST" duration-ms="108" status="PASS">
          <reporter-output>
          </reporter-output>
        </test-method> <!-- tearDown -->
        <test-method is-config="true" signature="launchApplication()[pri:0, instance:SeleniumFrameworkDesign.tests.StandaAloneTest2SubmitOrder@6bb4dd34]" started-at="2026-04-12T14:05:53 IST" name="launchApplication" finished-at="2026-04-12T14:05:56 IST" duration-ms="2765" status="PASS">
          <reporter-output>
          </reporter-output>
        </test-method> <!-- launchApplication -->
        <test-method signature="submitOrder(java.util.HashMap)[pri:0, instance:SeleniumFrameworkDesign.tests.StandaAloneTest2SubmitOrder@6bb4dd34]" started-at="2026-04-12T14:05:56 IST" name="submitOrder" data-provider="getData" finished-at="2026-04-12T14:05:59 IST" duration-ms="3198" status="PASS">
          <params>
            <param index="0">
              <value>
                <![CDATA[{password=Raagav@727, product=ADIDAS ORIGINAL, email=Sellares27@gmail.com}]]>
              </value>
            </param>
          </params>
          <reporter-output>
          </reporter-output>
        </test-method> <!-- submitOrder -->
        <test-method is-config="true" signature="tearDown()[pri:0, instance:SeleniumFrameworkDesign.tests.StandaAloneTest2SubmitOrder@6bb4dd34]" started-at="2026-04-12T14:05:59 IST" name="tearDown" finished-at="2026-04-12T14:05:59 IST" duration-ms="75" status="PASS">
          <reporter-output>
          </reporter-output>
        </test-method> <!-- tearDown -->
        <test-method is-config="true" signature="launchApplication()[pri:0, instance:SeleniumFrameworkDesign.tests.StandaAloneTest2SubmitOrder@6bb4dd34]" started-at="2026-04-12T14:05:59 IST" name="launchApplication" finished-at="2026-04-12T14:06:01 IST" duration-ms="1495" status="PASS">
          <reporter-output>
          </reporter-output>
        </test-method> <!-- launchApplication -->
        <test-method signature="orderHistoryTest()[pri:0, instance:SeleniumFrameworkDesign.tests.StandaAloneTest2SubmitOrder@6bb4dd34]" started-at="2026-04-12T14:06:01 IST" name="orderHistoryTest" finished-at="2026-04-12T14:06:02 IST" depends-on-methods="SeleniumFrameworkDesign.tests.StandaAloneTest2SubmitOrder.submitOrder" duration-ms="1083" status="PASS">
          <reporter-output>
          </reporter-output>
        </test-method> <!-- orderHistoryTest -->
        <test-method is-config="true" signature="tearDown()[pri:0, instance:SeleniumFrameworkDesign.tests.StandaAloneTest2SubmitOrder@6bb4dd34]" started-at="2026-04-12T14:06:02 IST" name="tearDown" finished-at="2026-04-12T14:06:02 IST" duration-ms="70" status="PASS">
          <reporter-output>
          </reporter-output>
        </test-method> <!-- tearDown -->
      </class> <!-- SeleniumFrameworkDesign.tests.StandaAloneTest2SubmitOrder -->
    </test> <!-- Submit Order -->
    <test started-at="2026-04-12T14:05:46 IST" name="Error Validations" finished-at="2026-04-12T14:06:19 IST" duration-ms="33023">
      <class name="SeleniumFrameworkDesign.tests.ErrorValidationsTest">
        <test-method is-config="true" signature="launchApplication()[pri:0, instance:SeleniumFrameworkDesign.tests.ErrorValidationsTest@2a7ed1f]" started-at="2026-04-12T14:05:46 IST" name="launchApplication" finished-at="2026-04-12T14:05:49 IST" duration-ms="2890" status="PASS">
          <reporter-output>
          </reporter-output>
        </test-method> <!-- launchApplication -->
        <test-method signature="LoginErrorValidation()[pri:0, instance:SeleniumFrameworkDesign.tests.ErrorValidationsTest@2a7ed1f]" started-at="2026-04-12T14:05:49 IST" name="LoginErrorValidation" finished-at="2026-04-12T14:05:50 IST" duration-ms="589" status="PASS">
          <reporter-output>
          </reporter-output>
        </test-method> <!-- LoginErrorValidation -->
        <test-method is-config="true" signature="tearDown()[pri:0, instance:SeleniumFrameworkDesign.tests.ErrorValidationsTest@2a7ed1f]" started-at="2026-04-12T14:05:50 IST" name="tearDown" finished-at="2026-04-12T14:05:50 IST" duration-ms="113" status="PASS">
          <reporter-output>
          </reporter-output>
        </test-method> <!-- tearDown -->
        <test-method is-config="true" signature="launchApplication()[pri:0, instance:SeleniumFrameworkDesign.tests.ErrorValidationsTest@2a7ed1f]" started-at="2026-04-12T14:05:50 IST" name="launchApplication" finished-at="2026-04-12T14:05:51 IST" duration-ms="1478" status="PASS">
          <reporter-output>
          </reporter-output>
        </test-method> <!-- launchApplication -->
        <test-method signature="ProductErrorValidation()[pri:0, instance:SeleniumFrameworkDesign.tests.ErrorValidationsTest@2a7ed1f]" started-at="2026-04-12T14:05:51 IST" name="ProductErrorValidation" finished-at="2026-04-12T14:06:19 IST" duration-ms="27536" status="FAIL">
          <exception class="java.lang.AssertionError">
            <message>
              <![CDATA[expected [true] but found [false]]]>
            </message>
            <full-stacktrace>
              <![CDATA[java.lang.AssertionError: expected [true] but found [false]
at org.testng.Assert.fail(Assert.java:111)
at org.testng.Assert.failNotEquals(Assert.java:1590)
at org.testng.Assert.assertTrue(Assert.java:57)
at org.testng.Assert.assertTrue(Assert.java:67)
at SeleniumFrameworkDesign.tests.ErrorValidationsTest.ProductErrorValidation(ErrorValidationsTest.java:32)
at java.base/jdk.internal.reflect.DirectMethodHandleAccessor.invoke(DirectMethodHandleAccessor.java:103)
at java.base/java.lang.reflect.Method.invoke(Method.java:580)
at org.testng.internal.invokers.MethodInvocationHelper.invokeMethod(MethodInvocationHelper.java:141)
at org.testng.internal.invokers.TestInvoker.invokeMethod(TestInvoker.java:687)
at org.testng.internal.invokers.TestInvoker.invokeTestMethod(TestInvoker.java:230)
at org.testng.internal.invokers.MethodRunner.runInSequence(MethodRunner.java:63)
at org.testng.internal.invokers.TestInvoker$MethodInvocationAgent.invoke(TestInvoker.java:995)
at org.testng.internal.invokers.TestInvoker.invokeTestMethods(TestInvoker.java:203)
at org.testng.internal.invokers.TestMethodWorker.invokeTestMethods(TestMethodWorker.java:154)
at org.testng.internal.invokers.TestMethodWorker.run(TestMethodWorker.java:134)
at java.base/java.util.ArrayList.forEach(ArrayList.java:1596)
at org.testng.TestRunner.privateRun(TestRunner.java:741)
at org.testng.TestRunner.run(TestRunner.java:616)
at org.testng.SuiteRunner.runTest(SuiteRunner.java:421)
at org.testng.SuiteRunner$SuiteWorker.run(SuiteRunner.java:463)
at org.testng.internal.thread.ThreadUtil.lambda$execute$0(ThreadUtil.java:64)
at java.base/java.util.concurrent.FutureTask.run(FutureTask.java:317)
at java.base/java.util.concurrent.ThreadPoolExecutor.runWorker(ThreadPoolExecutor.java:1144)
at java.base/java.util.concurrent.ThreadPoolExecutor$Worker.run(ThreadPoolExecutor.java:642)
at java.base/java.lang.Thread.run(Thread.java:1583)
]]>
            </full-stacktrace>
          </exception> <!-- java.lang.AssertionError -->
          <reporter-output>
          </reporter-output>
        </test-method> <!-- ProductErrorValidation -->
        <test-method is-config="true" signature="tearDown()[pri:0, instance:SeleniumFrameworkDesign.tests.ErrorValidationsTest@2a7ed1f]" started-at="2026-04-12T14:06:19 IST" name="tearDown" finished-at="2026-04-12T14:06:19 IST" duration-ms="120" status="PASS">
          <reporter-output>
          </reporter-output>
        </test-method> <!-- tearDown -->
      </class> <!-- SeleniumFrameworkDesign.tests.ErrorValidationsTest -->
    </test> <!-- Error Validations -->
  </suite> <!-- Suite -->
</testng-results>
