<?xml version="1.0" encoding="UTF-8"?>
<!-- Generated by org.testng.reporters.JUnitReportReporter -->
<testsuite hostname="Raagav" failures="0" tests="3" name="SeleniumFrameworkDesign.tests.StandaAloneTest2SubmitOrder" time="33.879" errors="0" timestamp="2026-05-07T18:33:21 IST" skipped="0">
  <testcase classname="SeleniumFrameworkDesign.tests.StandaAloneTest2SubmitOrder" name="submitOrder" time="10.663"/>
  <testcase classname="SeleniumFrameworkDesign.tests.StandaAloneTest2SubmitOrder" name="orderHistoryTest" time="4.163"/>
  <testcase classname="SeleniumFrameworkDesign.tests.StandaAloneTest2SubmitOrder" name="submitOrder" time="19.053"/>
</testsuite> <!-- SeleniumFrameworkDesign.tests.StandaAloneTest2SubmitOrder -->
