<?xml version="1.0" encoding="UTF-8"?>
<!-- Generated by org.testng.reporters.JUnitReportReporter -->
<testsuite hostname="Raagav" failures="0" tests="2" name="SeleniumFrameworkDesign.tests.ErrorValidationsTest" time="23.133" errors="0" timestamp="2026-04-28T19:38:46 IST" skipped="0">
  <testcase classname="SeleniumFrameworkDesign.tests.ErrorValidationsTest" name="LoginErrorValidation" time="3.705"/>
  <testcase classname="SeleniumFrameworkDesign.tests.ErrorValidationsTest" name="ProductErrorValidation" time="19.428"/>
</testsuite> <!-- SeleniumFrameworkDesign.tests.ErrorValidationsTest -->
