<?xml version="1.0" encoding="UTF-8"?>
<!-- Generated by org.testng.reporters.JUnitReportReporter -->
<testsuite hostname="Raagav" failures="0" tests="3" name="SeleniumFrameworkDesign.tests.StandaAloneTest2SubmitOrder" time="31.435" errors="0" timestamp="2026-04-28T19:38:46 IST" skipped="0">
  <testcase classname="SeleniumFrameworkDesign.tests.StandaAloneTest2SubmitOrder" name="submitOrder" time="7.075"/>
  <testcase classname="SeleniumFrameworkDesign.tests.StandaAloneTest2SubmitOrder" name="orderHistoryTest" time="4.661"/>
  <testcase classname="SeleniumFrameworkDesign.tests.StandaAloneTest2SubmitOrder" name="submitOrder" time="19.699"/>
</testsuite> <!-- SeleniumFrameworkDesign.tests.StandaAloneTest2SubmitOrder -->
