<?xml version="1.0" encoding="UTF-8"?>
<!-- Generated by org.testng.reporters.JUnitReportReporter -->
<testsuite hostname="Raagav" failures="0" tests="3" name="SeleniumFrameworkDesign.tests.StandaAloneTest2SubmitOrder" time="61.622" errors="0" timestamp="2026-04-12T17:46:52 IST" skipped="0">
  <testcase classname="SeleniumFrameworkDesign.tests.StandaAloneTest2SubmitOrder" name="orderHistoryTest" time="9.357"/>
  <testcase classname="SeleniumFrameworkDesign.tests.StandaAloneTest2SubmitOrder" name="submitOrder" time="9.411"/>
  <testcase classname="SeleniumFrameworkDesign.tests.StandaAloneTest2SubmitOrder" name="submitOrder" time="42.854"/>
</testsuite> <!-- SeleniumFrameworkDesign.tests.StandaAloneTest2SubmitOrder -->
