<?xml version="1.0" encoding="UTF-8"?>
<!-- Generated by org.testng.reporters.JUnitReportReporter -->
<testsuite hostname="Raagav" failures="0" tests="2" name="SeleniumFrameworkDesign.tests.ErrorValidationsTest" time="107.396" errors="0" timestamp="2026-04-12T17:46:52 IST" skipped="0">
  <testcase classname="SeleniumFrameworkDesign.tests.ErrorValidationsTest" name="LoginErrorValidation" time="66.111"/>
  <testcase classname="SeleniumFrameworkDesign.tests.ErrorValidationsTest" name="ProductErrorValidation" time="41.285"/>
</testsuite> <!-- SeleniumFrameworkDesign.tests.ErrorValidationsTest -->
